<?xml version="1.0" encoding="UTF-8"?>
<robot generator="Robot 3.1.2 (Python 3.7.4 on win32)" generated="20200708 00:15:16.573" rpa="false">
<suite id="s1" name="Forgotpassword" source="C:\Users\khasi\OneDrive\Desktop\amar ujala\Testing_Automation\Testing_Automation\tests\Authentication\forgotpassword">
<suite id="s1-s1" name="TC FP02 GC" source="C:\Users\khasi\OneDrive\Desktop\amar ujala\Testing_Automation\Testing_Automation\tests\Authentication\forgotpassword\TC_FP02_GC.robot">
<test id="s1-s1-t1" name="TC_LB_UL01">
<kw name="commonsetup" library="common" type="setup">
<kw name="Open Browser" library="SeleniumLibrary">
<doc>Opens a new browser instance to the optional ``url``.</doc>
<arguments>
<arg>${prod}</arg>
<arg>${Chrome}</arg>
</arguments>
<msg timestamp="20200708 00:15:17.140" level="INFO">Opening browser 'gc' to base url 'https://spidertest.myjyotish.com/'.</msg>
<status status="PASS" starttime="20200708 00:15:17.139" endtime="20200708 00:15:29.668"></status>
</kw>
<kw name="Maximize Browser Window" library="SeleniumLibrary">
<doc>Maximizes current browser window.</doc>
<status status="PASS" starttime="20200708 00:15:29.670" endtime="20200708 00:15:31.855"></status>
</kw>
<status status="PASS" starttime="20200708 00:15:17.139" endtime="20200708 00:15:31.855"></status>
</kw>
<kw name="This test case is to test the forgot password under lower boundary Upper boundary mixed-match wrong data practical data conditions" library="keywords">
<kw name="Reload Page" library="SeleniumLibrary">
<doc>Simulates user reloading page.</doc>
<status status="PASS" starttime="20200708 00:15:31.858" endtime="20200708 00:15:33.172"></status>
</kw>
<kw name="Sleep" library="BuiltIn">
<doc>Pauses the test executed for the given time.</doc>
<arguments>
<arg>15s</arg>
</arguments>
<msg timestamp="20200708 00:15:48.174" level="INFO">Slept 15 seconds</msg>
<status status="PASS" starttime="20200708 00:15:33.172" endtime="20200708 00:15:48.175"></status>
</kw>
<kw name="Click Element" library="SeleniumLibrary">
<doc>Click the element identified by ``locator``.</doc>
<arguments>
<arg>${Pop-Up}</arg>
</arguments>
<msg timestamp="20200708 00:15:48.177" level="INFO">Clicking element '//*[@id="auwnotificationpopup"]/div/div/div[3]/a[1]'.</msg>
<status status="PASS" starttime="20200708 00:15:48.176" endtime="20200708 00:15:48.501"></status>
</kw>
<kw name="Sleep" library="BuiltIn">
<doc>Pauses the test executed for the given time.</doc>
<arguments>
<arg>5s</arg>
</arguments>
<msg timestamp="20200708 00:15:53.504" level="INFO">Slept 5 seconds</msg>
<status status="PASS" starttime="20200708 00:15:48.501" endtime="20200708 00:15:53.504"></status>
</kw>
<kw name="Click Element" library="SeleniumLibrary">
<doc>Click the element identified by ``locator``.</doc>
<arguments>
<arg>${User button}</arg>
</arguments>
<msg timestamp="20200708 00:15:53.506" level="INFO">Clicking element '//*[@id="userLogin"]'.</msg>
<status status="PASS" starttime="20200708 00:15:53.505" endtime="20200708 00:15:53.887"></status>
</kw>
<kw name="Sleep" library="BuiltIn">
<doc>Pauses the test executed for the given time.</doc>
<arguments>
<arg>2s</arg>
</arguments>
<msg timestamp="20200708 00:15:55.889" level="INFO">Slept 2 seconds</msg>
<status status="PASS" starttime="20200708 00:15:53.888" endtime="20200708 00:15:55.890"></status>
</kw>
<kw name="Click Element" library="SeleniumLibrary">
<doc>Click the element identified by ``locator``.</doc>
<arguments>
<arg>${Forgot password}</arg>
</arguments>
<msg timestamp="20200708 00:15:55.891" level="INFO">Clicking element '//*[@id="#forgotpassword"]'.</msg>
<status status="PASS" starttime="20200708 00:15:55.891" endtime="20200708 00:15:56.156"></status>
</kw>
<kw name="Sleep" library="BuiltIn">
<doc>Pauses the test executed for the given time.</doc>
<arguments>
<arg>5s</arg>
</arguments>
<msg timestamp="20200708 00:16:01.160" level="INFO">Slept 5 seconds</msg>
<status status="PASS" starttime="20200708 00:15:56.157" endtime="20200708 00:16:01.160"></status>
</kw>
<kw name="Click Element" library="SeleniumLibrary">
<doc>Click the element identified by ``locator``.</doc>
<arguments>
<arg>${Submit}</arg>
</arguments>
<msg timestamp="20200708 00:16:01.162" level="INFO">Clicking element '//*[@id="forgot-password-form"]/input[2]'.</msg>
<status status="PASS" starttime="20200708 00:16:01.161" endtime="20200708 00:16:01.438"></status>
</kw>
<kw name="Wait Until Page Contains" library="SeleniumLibrary">
<doc>Waits until ``text`` appears on the current page.</doc>
<arguments>
<arg>Please enter email.</arg>
</arguments>
<status status="PASS" starttime="20200708 00:16:01.440" endtime="20200708 00:16:01.508"></status>
</kw>
<kw name="Input Text" library="SeleniumLibrary">
<doc>Types the given ``text`` into the text field identified by ``locator``.</doc>
<arguments>
<arg>${Input mail}</arg>
<arg>${Lower Boundary String}</arg>
</arguments>
<msg timestamp="20200708 00:16:01.510" level="INFO">Typing text 'aaaaaaaaaaaaaaaaaaaaaaaaaa' into text field '//*[@id="forgot-password-form"]/input[1]'.</msg>
<status status="PASS" starttime="20200708 00:16:01.509" endtime="20200708 00:16:02.198"></status>
</kw>
<kw name="Click Element" library="SeleniumLibrary">
<doc>Click the element identified by ``locator``.</doc>
<arguments>
<arg>${Submit}</arg>
</arguments>
<msg timestamp="20200708 00:16:02.200" level="INFO">Clicking element '//*[@id="forgot-password-form"]/input[2]'.</msg>
<status status="PASS" starttime="20200708 00:16:02.199" endtime="20200708 00:16:02.361"></status>
</kw>
<kw name="Wait Until Page Contains" library="SeleniumLibrary">
<doc>Waits until ``text`` appears on the current page.</doc>
<arguments>
<arg>Please enter valid email.</arg>
</arguments>
<status status="PASS" starttime="20200708 00:16:02.361" endtime="20200708 00:16:02.427"></status>
</kw>
<kw name="Click Element" library="SeleniumLibrary">
<doc>Click the element identified by ``locator``.</doc>
<arguments>
<arg>${Forgot password Tab Close}</arg>
</arguments>
<msg timestamp="20200708 00:16:02.428" level="INFO">Clicking element '//*[@id="forgotpassword"]/a'.</msg>
<status status="PASS" starttime="20200708 00:16:02.428" endtime="20200708 00:16:02.659"></status>
</kw>
<kw name="Click Element" library="SeleniumLibrary">
<doc>Click the element identified by ``locator``.</doc>
<arguments>
<arg>${User button}</arg>
</arguments>
<msg timestamp="20200708 00:16:02.662" level="INFO">Clicking element '//*[@id="userLogin"]'.</msg>
<status status="PASS" starttime="20200708 00:16:02.660" endtime="20200708 00:16:02.987"></status>
</kw>
<kw name="Sleep" library="BuiltIn">
<doc>Pauses the test executed for the given time.</doc>
<arguments>
<arg>2s</arg>
</arguments>
<msg timestamp="20200708 00:16:04.990" level="INFO">Slept 2 seconds</msg>
<status status="PASS" starttime="20200708 00:16:02.989" endtime="20200708 00:16:04.991"></status>
</kw>
<kw name="Click Element" library="SeleniumLibrary">
<doc>Click the element identified by ``locator``.</doc>
<arguments>
<arg>${Forgot password}</arg>
</arguments>
<msg timestamp="20200708 00:16:04.994" level="INFO">Clicking element '//*[@id="#forgotpassword"]'.</msg>
<status status="PASS" starttime="20200708 00:16:04.992" endtime="20200708 00:16:05.237"></status>
</kw>
<kw name="Input Text" library="SeleniumLibrary">
<doc>Types the given ``text`` into the text field identified by ``locator``.</doc>
<arguments>
<arg>${Input mail}</arg>
<arg>${Upper Boundary String}</arg>
</arguments>
<msg timestamp="20200708 00:16:05.238" level="INFO">Typing text 'ABCDEFHJHSKCKSNCKBCDKKCMD' into text field '//*[@id="forgot-password-form"]/input[1]'.</msg>
<status status="PASS" starttime="20200708 00:16:05.237" endtime="20200708 00:16:05.763"></status>
</kw>
<kw name="Click Element" library="SeleniumLibrary">
<doc>Click the element identified by ``locator``.</doc>
<arguments>
<arg>${Submit}</arg>
</arguments>
<msg timestamp="20200708 00:16:05.764" level="INFO">Clicking element '//*[@id="forgot-password-form"]/input[2]'.</msg>
<status status="PASS" starttime="20200708 00:16:05.764" endtime="20200708 00:16:05.837"></status>
</kw>
<kw name="Wait Until Page Contains" library="SeleniumLibrary">
<doc>Waits until ``text`` appears on the current page.</doc>
<arguments>
<arg>Please enter valid email.</arg>
</arguments>
<status status="PASS" starttime="20200708 00:16:05.838" endtime="20200708 00:16:05.858"></status>
</kw>
<kw name="Sleep" library="BuiltIn">
<doc>Pauses the test executed for the given time.</doc>
<arguments>
<arg>5s</arg>
</arguments>
<msg timestamp="20200708 00:16:10.861" level="INFO">Slept 5 seconds</msg>
<status status="PASS" starttime="20200708 00:16:05.858" endtime="20200708 00:16:10.862"></status>
</kw>
<kw name="Click Element" library="SeleniumLibrary">
<doc>Click the element identified by ``locator``.</doc>
<arguments>
<arg>${Forgot password Tab Close}</arg>
</arguments>
<msg timestamp="20200708 00:16:10.863" level="INFO">Clicking element '//*[@id="forgotpassword"]/a'.</msg>
<status status="PASS" starttime="20200708 00:16:10.862" endtime="20200708 00:16:11.016"></status>
</kw>
<kw name="Click Element" library="SeleniumLibrary">
<doc>Click the element identified by ``locator``.</doc>
<arguments>
<arg>${User button}</arg>
</arguments>
<msg timestamp="20200708 00:16:11.018" level="INFO">Clicking element '//*[@id="userLogin"]'.</msg>
<status status="PASS" starttime="20200708 00:16:11.017" endtime="20200708 00:16:11.341"></status>
</kw>
<kw name="Sleep" library="BuiltIn">
<doc>Pauses the test executed for the given time.</doc>
<arguments>
<arg>2s</arg>
</arguments>
<msg timestamp="20200708 00:16:13.345" level="INFO">Slept 2 seconds</msg>
<status status="PASS" starttime="20200708 00:16:11.342" endtime="20200708 00:16:13.346"></status>
</kw>
<kw name="Click Element" library="SeleniumLibrary">
<doc>Click the element identified by ``locator``.</doc>
<arguments>
<arg>${Forgot password}</arg>
</arguments>
<msg timestamp="20200708 00:16:13.348" level="INFO">Clicking element '//*[@id="#forgotpassword"]'.</msg>
<status status="PASS" starttime="20200708 00:16:13.346" endtime="20200708 00:16:13.533"></status>
</kw>
<kw name="Input Text" library="SeleniumLibrary">
<doc>Types the given ``text`` into the text field identified by ``locator``.</doc>
<arguments>
<arg>${Input mail}</arg>
<arg>${Mixed Match String}</arg>
</arguments>
<msg timestamp="20200708 00:16:13.535" level="INFO">Typing text 'Aa1!@#$%^&amp;*()_+?&gt;&lt;~`-=';:"[]{}' into text field '//*[@id="forgot-password-form"]/input[1]'.</msg>
<status status="PASS" starttime="20200708 00:16:13.534" endtime="20200708 00:16:14.689"></status>
</kw>
<kw name="Click Element" library="SeleniumLibrary">
<doc>Click the element identified by ``locator``.</doc>
<arguments>
<arg>${Submit}</arg>
</arguments>
<msg timestamp="20200708 00:16:14.691" level="INFO">Clicking element '//*[@id="forgot-password-form"]/input[2]'.</msg>
<status status="PASS" starttime="20200708 00:16:14.690" endtime="20200708 00:16:14.911"></status>
</kw>
<kw name="Wait Until Page Contains" library="SeleniumLibrary">
<doc>Waits until ``text`` appears on the current page.</doc>
<arguments>
<arg>Please enter valid email.</arg>
</arguments>
<status status="PASS" starttime="20200708 00:16:14.912" endtime="20200708 00:16:14.968"></status>
</kw>
<kw name="Sleep" library="BuiltIn">
<doc>Pauses the test executed for the given time.</doc>
<arguments>
<arg>5s</arg>
</arguments>
<msg timestamp="20200708 00:16:19.971" level="INFO">Slept 5 seconds</msg>
<status status="PASS" starttime="20200708 00:16:14.969" endtime="20200708 00:16:19.973"></status>
</kw>
<kw name="Click Element" library="SeleniumLibrary">
<doc>Click the element identified by ``locator``.</doc>
<arguments>
<arg>${Forgot password Tab Close}</arg>
</arguments>
<msg timestamp="20200708 00:16:19.975" level="INFO">Clicking element '//*[@id="forgotpassword"]/a'.</msg>
<status status="PASS" starttime="20200708 00:16:19.973" endtime="20200708 00:16:20.162"></status>
</kw>
<kw name="Click Element" library="SeleniumLibrary">
<doc>Click the element identified by ``locator``.</doc>
<arguments>
<arg>${User button}</arg>
</arguments>
<msg timestamp="20200708 00:16:20.165" level="INFO">Clicking element '//*[@id="userLogin"]'.</msg>
<status status="PASS" starttime="20200708 00:16:20.164" endtime="20200708 00:16:20.475"></status>
</kw>
<kw name="Sleep" library="BuiltIn">
<doc>Pauses the test executed for the given time.</doc>
<arguments>
<arg>2s</arg>
</arguments>
<msg timestamp="20200708 00:16:22.479" level="INFO">Slept 2 seconds</msg>
<status status="PASS" starttime="20200708 00:16:20.477" endtime="20200708 00:16:22.480"></status>
</kw>
<kw name="Click Element" library="SeleniumLibrary">
<doc>Click the element identified by ``locator``.</doc>
<arguments>
<arg>${Forgot password}</arg>
</arguments>
<msg timestamp="20200708 00:16:22.482" level="INFO">Clicking element '//*[@id="#forgotpassword"]'.</msg>
<status status="PASS" starttime="20200708 00:16:22.481" endtime="20200708 00:16:22.662"></status>
</kw>
<kw name="Input Text" library="SeleniumLibrary">
<doc>Types the given ``text`` into the text field identified by ``locator``.</doc>
<arguments>
<arg>${Input mail}</arg>
<arg>${upper boundary number}</arg>
</arguments>
<msg timestamp="20200708 00:16:22.665" level="INFO">Typing text '9999999999999999999999999' into text field '//*[@id="forgot-password-form"]/input[1]'.</msg>
<status status="PASS" starttime="20200708 00:16:22.663" endtime="20200708 00:16:23.262"></status>
</kw>
<kw name="Click Element" library="SeleniumLibrary">
<doc>Click the element identified by ``locator``.</doc>
<arguments>
<arg>${Submit}</arg>
</arguments>
<msg timestamp="20200708 00:16:23.263" level="INFO">Clicking element '//*[@id="forgot-password-form"]/input[2]'.</msg>
<status status="PASS" starttime="20200708 00:16:23.263" endtime="20200708 00:16:23.405"></status>
</kw>
<kw name="Sleep" library="BuiltIn">
<doc>Pauses the test executed for the given time.</doc>
<arguments>
<arg>5s</arg>
</arguments>
<msg timestamp="20200708 00:16:28.407" level="INFO">Slept 5 seconds</msg>
<status status="PASS" starttime="20200708 00:16:23.406" endtime="20200708 00:16:28.407"></status>
</kw>
<kw name="Click Element" library="SeleniumLibrary">
<doc>Click the element identified by ``locator``.</doc>
<arguments>
<arg>${Phone Number Submit}</arg>
</arguments>
<msg timestamp="20200708 00:16:28.409" level="INFO">Clicking element '//*[@id="nkit_send_otp"]'.</msg>
<status status="PASS" starttime="20200708 00:16:28.408" endtime="20200708 00:16:28.663"></status>
</kw>
<kw name="Wait Until Page Contains" library="SeleniumLibrary">
<doc>Waits until ``text`` appears on the current page.</doc>
<arguments>
<arg>Invalid Mobile number</arg>
</arguments>
<status status="PASS" starttime="20200708 00:16:28.664" endtime="20200708 00:16:28.754"></status>
</kw>
<kw name="Click Element" library="SeleniumLibrary">
<doc>Click the element identified by ``locator``.</doc>
<arguments>
<arg>${Phone Number Tab Close}</arg>
</arguments>
<msg timestamp="20200708 00:16:28.756" level="INFO">Clicking element '//html/body/div[10]/div[1]/a'.</msg>
<status status="PASS" starttime="20200708 00:16:28.755" endtime="20200708 00:16:29.492"></status>
</kw>
<kw name="Sleep" library="BuiltIn">
<doc>Pauses the test executed for the given time.</doc>
<arguments>
<arg>5s</arg>
</arguments>
<msg timestamp="20200708 00:16:34.495" level="INFO">Slept 5 seconds</msg>
<status status="PASS" starttime="20200708 00:16:29.493" endtime="20200708 00:16:34.496"></status>
</kw>
<kw name="Click Element" library="SeleniumLibrary">
<doc>Click the element identified by ``locator``.</doc>
<arguments>
<arg>${Forgot password Tab Close}</arg>
</arguments>
<msg timestamp="20200708 00:16:34.498" level="INFO">Clicking element '//*[@id="forgotpassword"]/a'.</msg>
<status status="PASS" starttime="20200708 00:16:34.496" endtime="20200708 00:16:34.672"></status>
</kw>
<kw name="Click Element" library="SeleniumLibrary">
<doc>Click the element identified by ``locator``.</doc>
<arguments>
<arg>${User button}</arg>
</arguments>
<msg timestamp="20200708 00:16:34.675" level="INFO">Clicking element '//*[@id="userLogin"]'.</msg>
<status status="PASS" starttime="20200708 00:16:34.673" endtime="20200708 00:16:34.950"></status>
</kw>
<kw name="Sleep" library="BuiltIn">
<doc>Pauses the test executed for the given time.</doc>
<arguments>
<arg>2s</arg>
</arguments>
<msg timestamp="20200708 00:16:36.953" level="INFO">Slept 2 seconds</msg>
<status status="PASS" starttime="20200708 00:16:34.951" endtime="20200708 00:16:36.953"></status>
</kw>
<kw name="Click Element" library="SeleniumLibrary">
<doc>Click the element identified by ``locator``.</doc>
<arguments>
<arg>${Forgot password}</arg>
</arguments>
<msg timestamp="20200708 00:16:36.955" level="INFO">Clicking element '//*[@id="#forgotpassword"]'.</msg>
<status status="PASS" starttime="20200708 00:16:36.954" endtime="20200708 00:16:37.136"></status>
</kw>
<kw name="Input Text" library="SeleniumLibrary">
<doc>Types the given ``text`` into the text field identified by ``locator``.</doc>
<arguments>
<arg>${Input mail}</arg>
<arg>${Wrong Email address}</arg>
</arguments>
<msg timestamp="20200708 00:16:37.140" level="INFO">Typing text 'test_1@gmail.com' into text field '//*[@id="forgot-password-form"]/input[1]'.</msg>
<status status="PASS" starttime="20200708 00:16:37.138" endtime="20200708 00:16:37.722"></status>
</kw>
<kw name="Click Element" library="SeleniumLibrary">
<doc>Click the element identified by ``locator``.</doc>
<arguments>
<arg>${Submit}</arg>
</arguments>
<msg timestamp="20200708 00:16:37.725" level="INFO">Clicking element '//*[@id="forgot-password-form"]/input[2]'.</msg>
<status status="PASS" starttime="20200708 00:16:37.722" endtime="20200708 00:16:39.204"></status>
</kw>
<kw name="Wait Until Page Contains" library="SeleniumLibrary">
<doc>Waits until ``text`` appears on the current page.</doc>
<arguments>
<arg>Email does not exist. Please enter a different email.</arg>
</arguments>
<status status="PASS" starttime="20200708 00:16:39.205" endtime="20200708 00:16:39.284"></status>
</kw>
<kw name="Sleep" library="BuiltIn">
<doc>Pauses the test executed for the given time.</doc>
<arguments>
<arg>5s</arg>
</arguments>
<msg timestamp="20200708 00:16:44.288" level="INFO">Slept 5 seconds</msg>
<status status="PASS" starttime="20200708 00:16:39.285" endtime="20200708 00:16:44.289"></status>
</kw>
<kw name="Click Element" library="SeleniumLibrary">
<doc>Click the element identified by ``locator``.</doc>
<arguments>
<arg>${Forgot password Tab Close}</arg>
</arguments>
<msg timestamp="20200708 00:16:44.290" level="INFO">Clicking element '//*[@id="forgotpassword"]/a'.</msg>
<status status="PASS" starttime="20200708 00:16:44.290" endtime="20200708 00:16:44.493"></status>
</kw>
<kw name="Click Element" library="SeleniumLibrary">
<doc>Click the element identified by ``locator``.</doc>
<arguments>
<arg>${User button}</arg>
</arguments>
<msg timestamp="20200708 00:16:44.495" level="INFO">Clicking element '//*[@id="userLogin"]'.</msg>
<status status="PASS" starttime="20200708 00:16:44.493" endtime="20200708 00:16:44.745"></status>
</kw>
<kw name="Sleep" library="BuiltIn">
<doc>Pauses the test executed for the given time.</doc>
<arguments>
<arg>2s</arg>
</arguments>
<msg timestamp="20200708 00:16:46.748" level="INFO">Slept 2 seconds</msg>
<status status="PASS" starttime="20200708 00:16:44.746" endtime="20200708 00:16:46.748"></status>
</kw>
<kw name="Click Element" library="SeleniumLibrary">
<doc>Click the element identified by ``locator``.</doc>
<arguments>
<arg>${Forgot password}</arg>
</arguments>
<msg timestamp="20200708 00:16:46.750" level="INFO">Clicking element '//*[@id="#forgotpassword"]'.</msg>
<status status="PASS" starttime="20200708 00:16:46.749" endtime="20200708 00:16:46.939"></status>
</kw>
<kw name="Input Text" library="SeleniumLibrary">
<doc>Types the given ``text`` into the text field identified by ``locator``.</doc>
<arguments>
<arg>${Input mail}</arg>
<arg>${Real Email address}</arg>
</arguments>
<msg timestamp="20200708 00:16:46.941" level="INFO">Typing text 'farookh5a5@sasi.ac.in' into text field '//*[@id="forgot-password-form"]/input[1]'.</msg>
<status status="PASS" starttime="20200708 00:16:46.940" endtime="20200708 00:16:47.598"></status>
</kw>
<kw name="Click Element" library="SeleniumLibrary">
<doc>Click the element identified by ``locator``.</doc>
<arguments>
<arg>${Submit}</arg>
</arguments>
<msg timestamp="20200708 00:16:47.600" level="INFO">Clicking element '//*[@id="forgot-password-form"]/input[2]'.</msg>
<status status="PASS" starttime="20200708 00:16:47.599" endtime="20200708 00:17:19.151"></status>
</kw>
<kw name="Wait Until Page Contains" library="SeleniumLibrary">
<doc>Waits until ``text`` appears on the current page.</doc>
<arguments>
<arg>An e-mail has been sent to farookh5a5@sasi.ac.in with password reset instructions.</arg>
</arguments>
<status status="PASS" starttime="20200708 00:17:19.152" endtime="20200708 00:17:19.265"></status>
</kw>
<kw name="Sleep" library="BuiltIn">
<doc>Pauses the test executed for the given time.</doc>
<arguments>
<arg>5s</arg>
</arguments>
<msg timestamp="20200708 00:17:24.268" level="INFO">Slept 5 seconds</msg>
<status status="PASS" starttime="20200708 00:17:19.266" endtime="20200708 00:17:24.269"></status>
</kw>
<kw name="Click Element" library="SeleniumLibrary">
<doc>Click the element identified by ``locator``.</doc>
<arguments>
<arg>${Forgot password Tab Close}</arg>
</arguments>
<msg timestamp="20200708 00:17:24.271" level="INFO">Clicking element '//*[@id="forgotpassword"]/a'.</msg>
<status status="PASS" starttime="20200708 00:17:24.270" endtime="20200708 00:17:24.496"></status>
</kw>
<kw name="Click Element" library="SeleniumLibrary">
<doc>Click the element identified by ``locator``.</doc>
<arguments>
<arg>${User button}</arg>
</arguments>
<msg timestamp="20200708 00:17:24.498" level="INFO">Clicking element '//*[@id="userLogin"]'.</msg>
<status status="PASS" starttime="20200708 00:17:24.497" endtime="20200708 00:17:24.846"></status>
</kw>
<kw name="Sleep" library="BuiltIn">
<doc>Pauses the test executed for the given time.</doc>
<arguments>
<arg>2s</arg>
</arguments>
<msg timestamp="20200708 00:17:26.850" level="INFO">Slept 2 seconds</msg>
<status status="PASS" starttime="20200708 00:17:24.848" endtime="20200708 00:17:26.851"></status>
</kw>
<kw name="Click Element" library="SeleniumLibrary">
<doc>Click the element identified by ``locator``.</doc>
<arguments>
<arg>${Forgot password}</arg>
</arguments>
<msg timestamp="20200708 00:17:26.852" level="INFO">Clicking element '//*[@id="#forgotpassword"]'.</msg>
<status status="PASS" starttime="20200708 00:17:26.851" endtime="20200708 00:17:27.078"></status>
</kw>
<kw name="Input Text" library="SeleniumLibrary">
<doc>Types the given ``text`` into the text field identified by ``locator``.</doc>
<arguments>
<arg>${Input mail}</arg>
<arg>${Wrong Phone Number}</arg>
</arguments>
<msg timestamp="20200708 00:17:27.081" level="INFO">Typing text '9876763210' into text field '//*[@id="forgot-password-form"]/input[1]'.</msg>
<status status="PASS" starttime="20200708 00:17:27.080" endtime="20200708 00:17:27.514"></status>
</kw>
<kw name="Click Element" library="SeleniumLibrary">
<doc>Click the element identified by ``locator``.</doc>
<arguments>
<arg>${Submit}</arg>
</arguments>
<msg timestamp="20200708 00:17:27.516" level="INFO">Clicking element '//*[@id="forgot-password-form"]/input[2]'.</msg>
<status status="PASS" starttime="20200708 00:17:27.515" endtime="20200708 00:17:27.745"></status>
</kw>
<kw name="Sleep" library="BuiltIn">
<doc>Pauses the test executed for the given time.</doc>
<arguments>
<arg>10s</arg>
</arguments>
<msg timestamp="20200708 00:17:37.747" level="INFO">Slept 10 seconds</msg>
<status status="PASS" starttime="20200708 00:17:27.746" endtime="20200708 00:17:37.748"></status>
</kw>
<kw name="Click Element" library="SeleniumLibrary">
<doc>Click the element identified by ``locator``.</doc>
<arguments>
<arg>${Phone Number Submit}</arg>
</arguments>
<msg timestamp="20200708 00:17:37.751" level="INFO">Clicking element '//*[@id="nkit_send_otp"]'.</msg>
<status status="PASS" starttime="20200708 00:17:37.749" endtime="20200708 00:17:40.350"></status>
</kw>
<kw name="Sleep" library="BuiltIn">
<doc>Pauses the test executed for the given time.</doc>
<arguments>
<arg>5s</arg>
</arguments>
<msg timestamp="20200708 00:17:45.354" level="INFO">Slept 5 seconds</msg>
<status status="PASS" starttime="20200708 00:17:40.351" endtime="20200708 00:17:45.354"></status>
</kw>
<kw name="Click Element" library="SeleniumLibrary">
<doc>Click the element identified by ``locator``.</doc>
<arguments>
<arg>${Phone Number Tab Close}</arg>
</arguments>
<msg timestamp="20200708 00:17:45.356" level="INFO">Clicking element '//html/body/div[10]/div[1]/a'.</msg>
<status status="PASS" starttime="20200708 00:17:45.355" endtime="20200708 00:17:45.528"></status>
</kw>
<kw name="Sleep" library="BuiltIn">
<doc>Pauses the test executed for the given time.</doc>
<arguments>
<arg>20s</arg>
</arguments>
<msg timestamp="20200708 00:18:05.531" level="INFO">Slept 20 seconds</msg>
<status status="PASS" starttime="20200708 00:17:45.529" endtime="20200708 00:18:05.532"></status>
</kw>
<kw name="Click Element" library="SeleniumLibrary">
<doc>Click the element identified by ``locator``.</doc>
<arguments>
<arg>${User Button Close}</arg>
</arguments>
<msg timestamp="20200708 00:18:05.533" level="INFO">Clicking element '//*[@id="login"]/a'.</msg>
<status status="PASS" starttime="20200708 00:18:05.533" endtime="20200708 00:18:05.736"></status>
</kw>
<kw name="Click Element" library="SeleniumLibrary">
<doc>Click the element identified by ``locator``.</doc>
<arguments>
<arg>${User button}</arg>
</arguments>
<msg timestamp="20200708 00:18:05.739" level="INFO">Clicking element '//*[@id="userLogin"]'.</msg>
<status status="PASS" starttime="20200708 00:18:05.737" endtime="20200708 00:18:06.054"></status>
</kw>
<kw name="Sleep" library="BuiltIn">
<doc>Pauses the test executed for the given time.</doc>
<arguments>
<arg>2s</arg>
</arguments>
<msg timestamp="20200708 00:18:08.057" level="INFO">Slept 2 seconds</msg>
<status status="PASS" starttime="20200708 00:18:06.055" endtime="20200708 00:18:08.058"></status>
</kw>
<kw name="Click Element" library="SeleniumLibrary">
<doc>Click the element identified by ``locator``.</doc>
<arguments>
<arg>${Forgot password}</arg>
</arguments>
<msg timestamp="20200708 00:18:08.060" level="INFO">Clicking element '//*[@id="#forgotpassword"]'.</msg>
<status status="PASS" starttime="20200708 00:18:08.059" endtime="20200708 00:18:08.253"></status>
</kw>
<kw name="Input Text" library="SeleniumLibrary">
<doc>Types the given ``text`` into the text field identified by ``locator``.</doc>
<arguments>
<arg>${Input mail}</arg>
<arg>${Real Phone Number}</arg>
</arguments>
<msg timestamp="20200708 00:18:08.256" level="INFO">Typing text '9440206296' into text field '//*[@id="forgot-password-form"]/input[1]'.</msg>
<status status="PASS" starttime="20200708 00:18:08.254" endtime="20200708 00:18:08.673"></status>
</kw>
<kw name="Click Element" library="SeleniumLibrary">
<doc>Click the element identified by ``locator``.</doc>
<arguments>
<arg>${Submit}</arg>
</arguments>
<msg timestamp="20200708 00:18:08.675" level="INFO">Clicking element '//*[@id="forgot-password-form"]/input[2]'.</msg>
<status status="PASS" starttime="20200708 00:18:08.674" endtime="20200708 00:18:08.863"></status>
</kw>
<kw name="Sleep" library="BuiltIn">
<doc>Pauses the test executed for the given time.</doc>
<arguments>
<arg>10s</arg>
</arguments>
<msg timestamp="20200708 00:18:18.867" level="INFO">Slept 10 seconds</msg>
<status status="PASS" starttime="20200708 00:18:08.864" endtime="20200708 00:18:18.867"></status>
</kw>
<kw name="Click Element" library="SeleniumLibrary">
<doc>Click the element identified by ``locator``.</doc>
<arguments>
<arg>${Phone Number Submit}</arg>
</arguments>
<msg timestamp="20200708 00:18:18.869" level="INFO">Clicking element '//*[@id="nkit_send_otp"]'.</msg>
<status status="PASS" starttime="20200708 00:18:18.869" endtime="20200708 00:18:20.968"></status>
</kw>
<kw name="Sleep" library="BuiltIn">
<doc>Pauses the test executed for the given time.</doc>
<arguments>
<arg>5s</arg>
</arguments>
<msg timestamp="20200708 00:18:25.971" level="INFO">Slept 5 seconds</msg>
<status status="PASS" starttime="20200708 00:18:20.969" endtime="20200708 00:18:25.972"></status>
</kw>
<kw name="Click Element" library="SeleniumLibrary">
<doc>Click the element identified by ``locator``.</doc>
<arguments>
<arg>${Phone Number Tab Close}</arg>
</arguments>
<msg timestamp="20200708 00:18:25.973" level="INFO">Clicking element '//html/body/div[10]/div[1]/a'.</msg>
<status status="PASS" starttime="20200708 00:18:25.973" endtime="20200708 00:18:26.140"></status>
</kw>
<kw name="Sleep" library="BuiltIn">
<doc>Pauses the test executed for the given time.</doc>
<arguments>
<arg>5s</arg>
</arguments>
<msg timestamp="20200708 00:18:31.142" level="INFO">Slept 5 seconds</msg>
<status status="PASS" starttime="20200708 00:18:26.141" endtime="20200708 00:18:31.142"></status>
</kw>
<kw name="Wait Until Page Contains" library="SeleniumLibrary">
<doc>Waits until ``text`` appears on the current page.</doc>
<arguments>
<arg>An e-mail has been sent to farookh5a5@sasi.ac.in with password reset instructions.</arg>
</arguments>
<status status="PASS" starttime="20200708 00:18:31.144" endtime="20200708 00:18:31.197"></status>
</kw>
<kw name="Sleep" library="BuiltIn">
<doc>Pauses the test executed for the given time.</doc>
<arguments>
<arg>5s</arg>
</arguments>
<msg timestamp="20200708 00:18:36.200" level="INFO">Slept 5 seconds</msg>
<status status="PASS" starttime="20200708 00:18:31.198" endtime="20200708 00:18:36.201"></status>
</kw>
<status status="PASS" starttime="20200708 00:15:31.857" endtime="20200708 00:18:36.202"></status>
</kw>
<kw name="commonteardown" library="common" type="teardown">
<kw name="Sleep" library="BuiltIn">
<doc>Pauses the test executed for the given time.</doc>
<arguments>
<arg>5s</arg>
</arguments>
<msg timestamp="20200708 00:18:41.208" level="INFO">Slept 5 seconds</msg>
<status status="PASS" starttime="20200708 00:18:36.205" endtime="20200708 00:18:41.209"></status>
</kw>
<kw name="Close Browser" library="SeleniumLibrary">
<doc>Closes the current browser.</doc>
<status status="PASS" starttime="20200708 00:18:41.210" endtime="20200708 00:18:43.575"></status>
</kw>
<status status="PASS" starttime="20200708 00:18:36.204" endtime="20200708 00:18:43.576"></status>
</kw>
<doc>This test case is to test the forgot password under lower boundary Upper boundary mixed-match wrong data practical data conditions</doc>
<status status="PASS" starttime="20200708 00:15:17.137" endtime="20200708 00:18:43.577" critical="yes"></status>
</test>
<doc>This test case is to test the forgot password under lower boundary Upper boundary mixed-match wrong data practical data conditions</doc>
<status status="PASS" starttime="20200708 00:15:16.696" endtime="20200708 00:18:43.594"></status>
</suite>
<status status="PASS" starttime="20200708 00:15:16.577" endtime="20200708 00:18:43.607"></status>
</suite>
<statistics>
<total>
<stat pass="1" fail="0">Critical Tests</stat>
<stat pass="1" fail="0">All Tests</stat>
</total>
<tag>
</tag>
<suite>
<stat pass="1" fail="0" id="s1" name="Forgotpassword">Forgotpassword</stat>
<stat pass="1" fail="0" id="s1-s1" name="TC FP02 GC">Forgotpassword.TC FP02 GC</stat>
</suite>
</statistics>
<errors>
</errors>
</robot>
